<?xml version="1.0" encoding="UTF-8"?>
<!-- Generated by org.testng.reporters.JUnitReportReporter -->
<testsuite hostname="LAPTOP-I8JHACA3" failures="0" tests="11" name="testNG.TestNGtest" time="113.579" errors="0" timestamp="2022-04-30T20:45:40 IST" skipped="0">
  <testcase classname="testNG.TestNGtest" name="test9" time="9.632"/>
  <system-out/>
  <testcase classname="testNG.TestNGtest" name="test10" time="0.009"/>
  <system-out/>
  <testcase classname="testNG.TestNGtest" name="test9" time="13.724"/>
  <system-out/>
  <testcase classname="testNG.TestNGtest" name="test9" time="9.511"/>
  <system-out/>
  <testcase classname="testNG.TestNGtest" name="test9" time="9.387"/>
  <system-out/>
  <testcase classname="testNG.TestNGtest" name="test9" time="9.486"/>
  <system-out/>
  <testcase classname="testNG.TestNGtest" name="test9" time="13.286"/>
  <system-out/>
  <testcase classname="testNG.TestNGtest" name="test9" time="9.732"/>
  <system-out/>
  <testcase classname="testNG.TestNGtest" name="test9" time="14.015"/>
  <system-out/>
  <testcase classname="testNG.TestNGtest" name="test9" time="12.123"/>
  <system-out/>
  <testcase classname="testNG.TestNGtest" name="test9" time="12.674"/>
  <system-out/>
</testsuite> <!-- testNG.TestNGtest -->
