<?xml version="1.0" encoding="UTF-8"?>
<!-- Generated by org.testng.reporters.JUnitReportReporter -->
<testsuite hostname="LAPTOP-I8JHACA3" failures="0" tests="2" name="testNG.ParameterTest" time="11.489" errors="0" timestamp="2022-05-02T12:41:32 IST" skipped="0">
  <testcase classname="testNG.ParameterTest" name="main" time="3.484"/>
  <system-out/>
  <testcase classname="testNG.ParameterTest" name="main" time="8.005"/>
  <system-out/>
</testsuite> <!-- testNG.ParameterTest -->
