<?xml version="1.0" encoding="UTF-8"?>
<!-- Generated by org.testng.reporters.JUnitReportReporter -->
<testsuite hostname="LAPTOP-I8JHACA3" failures="0" tests="3" name="testNG.SessionParameters" time="14.614" errors="0" timestamp="2022-05-02T13:35:49 IST" skipped="0">
  <testcase classname="testNG.SessionParameters" name="getData" time="3.997"/>
  <system-out/>
  <testcase classname="testNG.SessionParameters" name="getData" time="3.433"/>
  <system-out/>
  <testcase classname="testNG.SessionParameters" name="getData" time="7.184"/>
  <system-out/>
</testsuite> <!-- testNG.SessionParameters -->
