<?xml version="1.0" encoding="UTF-8"?>
<!-- Generated by org.testng.reporters.JUnitReportReporter -->
<testsuite hostname="LAPTOP-I8JHACA3" failures="0" tests="2" name="testNG.Session2" time="15.907" errors="0" timestamp="2022-06-05T11:25:58 IST" skipped="0">
  <testcase classname="testNG.Session2" name="getData" time="8.396"/>
  <system-out/>
  <testcase classname="testNG.Session2" name="getData" time="7.511"/>
  <system-out/>
</testsuite> <!-- testNG.Session2 -->
