<?xml version="1.0" encoding="UTF-8"?>
<!-- Generated by org.testng.reporters.JUnitReportReporter -->
<testsuite hostname="LAPTOP-I8JHACA3" failures="0" tests="6" name="testNG.RetryTest" time="0.011" errors="0" timestamp="2022-05-03T12:00:55 IST" skipped="0">
  <testcase classname="testNG.RetryTest" name="method1" time="0.001"/>
  <system-out/>
  <testcase classname="testNG.RetryTest" name="method2" time="0.000"/>
  <system-out/>
  <testcase classname="testNG.RetryTest" name="method1" time="0.001"/>
  <system-out/>
  <testcase classname="testNG.RetryTest" name="method1" time="0.001"/>
  <system-out/>
  <testcase classname="testNG.RetryTest" name="method1" time="0.007"/>
  <system-out/>
  <testcase classname="testNG.RetryTest" name="method1" time="0.001"/>
  <system-out/>
</testsuite> <!-- testNG.RetryTest -->
