<?xml version="1.0" encoding="UTF-8"?>
<!-- Generated by org.testng.reporters.JUnitReportReporter -->
<testsuite hostname="LAPTOP-I8JHACA3" failures="0" tests="2" name="testNG.FacebookLogin" time="0.007" errors="0" timestamp="2022-05-03T11:22:25 IST" skipped="0">
  <testcase classname="testNG.FacebookLogin" name="WebLoginBanking" time="0.006"/>
  <system-out/>
  <testcase classname="testNG.FacebookLogin" name="mobileLoginBanking" time="0.001"/>
  <system-out/>
</testsuite> <!-- testNG.FacebookLogin -->
