<?xml version="1.0" encoding="UTF-8"?>
<!-- Generated by org.testng.reporters.JUnitReportReporter -->
<testsuite hostname="LAPTOP-I8JHACA3" failures="0" tests="1" name="testNG.ScreenshotFailed" time="10.938" errors="0" timestamp="2022-05-03T12:39:45 IST" skipped="0">
  <testcase classname="testNG.ScreenshotFailed" name="CaptureScreen" time="10.938"/>
  <system-out/>
</testsuite> <!-- testNG.ScreenshotFailed -->
