<?xml version="1.0" encoding="UTF-8"?>
<!-- Generated by org.testng.reporters.JUnitReportReporter -->
<testsuite hostname="LAPTOP-I8JHACA3" failures="0" tests="3" name="testNG.Param" time="42.296" errors="0" timestamp="2022-06-05T11:36:56 IST" skipped="0">
  <testcase classname="testNG.Param" name="getData" time="19.570"/>
  <system-out/>
  <testcase classname="testNG.Param" name="getData" time="11.496"/>
  <system-out/>
  <testcase classname="testNG.Param" name="getData" time="11.230"/>
  <system-out/>
</testsuite> <!-- testNG.Param -->
