<?xml version="1.0" encoding="UTF-8"?>
<!-- Generated by org.testng.reporters.JUnitReportReporter -->
<testsuite hostname="LAPTOP-I8JHACA3" failures="0" tests="2" name="testNG.InstagramLogin" time="0.002" errors="0" timestamp="2022-05-03T11:16:05 IST" skipped="0">
  <testcase classname="testNG.InstagramLogin" name="WebLoginBanking" time="0.001"/>
  <system-out/>
  <testcase classname="testNG.InstagramLogin" name="mobileLoginBanking" time="0.001"/>
  <system-out/>
</testsuite> <!-- testNG.InstagramLogin -->
